[0.631s] Invoking command in '/home/vanische/ros2_ws/src/vision_ride': PYTHONPATH=/home/vanische/ros2_ws/build/vision_ride/prefix_override:/home/vanische/ros2_ws/install/vision_ride/lib/python3.10/site-packages:${PYTHONPATH} /usr/bin/python3 -W ignore:setup.py install is deprecated setup.py egg_info --egg-base ../../build/vision_ride build --build-base /home/vanische/ros2_ws/build/vision_ride/build install --record /home/vanische/ros2_ws/build/vision_ride/install.log --single-version-externally-managed install_data
[0.891s] running egg_info
[0.892s] writing ../../build/vision_ride/vision_ride.egg-info/PKG-INFO
[0.892s] writing dependency_links to ../../build/vision_ride/vision_ride.egg-info/dependency_links.txt
[0.892s] writing entry points to ../../build/vision_ride/vision_ride.egg-info/entry_points.txt
[0.892s] writing requirements to ../../build/vision_ride/vision_ride.egg-info/requires.txt
[0.892s] writing top-level names to ../../build/vision_ride/vision_ride.egg-info/top_level.txt
[0.894s] reading manifest file '../../build/vision_ride/vision_ride.egg-info/SOURCES.txt'
[0.894s] adding license file 'LICENSE'
[0.895s] writing manifest file '../../build/vision_ride/vision_ride.egg-info/SOURCES.txt'
[0.895s] running build
[0.895s] running build_py
[0.895s] copying vision_ride/process.py -> /home/vanische/ros2_ws/build/vision_ride/build/lib/vision_ride
[0.896s] running install
[0.897s] running install_lib
[0.897s] copying /home/vanische/ros2_ws/build/vision_ride/build/lib/vision_ride/process.py -> /home/vanische/ros2_ws/install/vision_ride/lib/python3.10/site-packages/vision_ride
[0.898s] byte-compiling /home/vanische/ros2_ws/install/vision_ride/lib/python3.10/site-packages/vision_ride/process.py to process.cpython-310.pyc
[0.899s] running install_data
[0.900s] running install_egg_info
[0.901s] removing '/home/vanische/ros2_ws/install/vision_ride/lib/python3.10/site-packages/vision_ride-0.0.0-py3.10.egg-info' (and everything under it)
[0.901s] Copying ../../build/vision_ride/vision_ride.egg-info to /home/vanische/ros2_ws/install/vision_ride/lib/python3.10/site-packages/vision_ride-0.0.0-py3.10.egg-info
[0.902s] running install_scripts
[0.923s] Installing glasses script to /home/vanische/ros2_ws/install/vision_ride/lib/vision_ride
[0.923s] Installing jst4dof script to /home/vanische/ros2_ws/install/vision_ride/lib/vision_ride
[0.923s] Installing odriver script to /home/vanische/ros2_ws/install/vision_ride/lib/vision_ride
[0.923s] Installing process script to /home/vanische/ros2_ws/install/vision_ride/lib/vision_ride
[0.924s] writing list of installed files to '/home/vanische/ros2_ws/build/vision_ride/install.log'
[0.943s] Invoked command in '/home/vanische/ros2_ws/src/vision_ride' returned '0': PYTHONPATH=/home/vanische/ros2_ws/build/vision_ride/prefix_override:/home/vanische/ros2_ws/install/vision_ride/lib/python3.10/site-packages:${PYTHONPATH} /usr/bin/python3 -W ignore:setup.py install is deprecated setup.py egg_info --egg-base ../../build/vision_ride build --build-base /home/vanische/ros2_ws/build/vision_ride/build install --record /home/vanische/ros2_ws/build/vision_ride/install.log --single-version-externally-managed install_data
