/home/vanische/prjs/vision_ride_ws/install/vision_ride/lib/python3.11/site-packages/vision_ride/process.py
/home/vanische/prjs/vision_ride_ws/install/vision_ride/lib/python3.11/site-packages/vision_ride/main.py
/home/vanische/prjs/vision_ride_ws/install/vision_ride/lib/python3.11/site-packages/vision_ride/glasses.py
/home/vanische/prjs/vision_ride_ws/install/vision_ride/lib/python3.11/site-packages/vision_ride/odriver.py
/home/vanische/prjs/vision_ride_ws/install/vision_ride/lib/python3.11/site-packages/vision_ride/__init__.py
/home/vanische/prjs/vision_ride_ws/install/vision_ride/lib/python3.11/site-packages/vision_ride/jst4dof.py
/home/vanische/prjs/vision_ride_ws/install/vision_ride/lib/python3.11/site-packages/vision_ride/submodules/__init__.py
/home/vanische/prjs/vision_ride_ws/install/vision_ride/lib/python3.11/site-packages/vision_ride/submodules/ODriveV36/configure.py
/home/vanische/prjs/vision_ride_ws/install/vision_ride/lib/python3.11/site-packages/vision_ride/submodules/ODriveV36/ODriveAPI.py
/home/vanische/prjs/vision_ride_ws/install/vision_ride/lib/python3.11/site-packages/vision_ride/submodules/ODriveV36/__init__.py
/home/vanische/prjs/vision_ride_ws/install/vision_ride/lib/python3.11/site-packages/vision_ride/submodules/Joystick4DOF/API.py
/home/vanische/prjs/vision_ride_ws/install/vision_ride/lib/python3.11/site-packages/vision_ride/submodules/Joystick4DOF/__init__.py
/home/vanische/prjs/vision_ride_ws/install/vision_ride/lib/python3.11/site-packages/vision_ride/__pycache__/process.cpython-311.pyc
/home/vanische/prjs/vision_ride_ws/install/vision_ride/lib/python3.11/site-packages/vision_ride/__pycache__/main.cpython-311.pyc
/home/vanische/prjs/vision_ride_ws/install/vision_ride/lib/python3.11/site-packages/vision_ride/__pycache__/glasses.cpython-311.pyc
/home/vanische/prjs/vision_ride_ws/install/vision_ride/lib/python3.11/site-packages/vision_ride/__pycache__/odriver.cpython-311.pyc
/home/vanische/prjs/vision_ride_ws/install/vision_ride/lib/python3.11/site-packages/vision_ride/__pycache__/__init__.cpython-311.pyc
/home/vanische/prjs/vision_ride_ws/install/vision_ride/lib/python3.11/site-packages/vision_ride/__pycache__/jst4dof.cpython-311.pyc
/home/vanische/prjs/vision_ride_ws/install/vision_ride/lib/python3.11/site-packages/vision_ride/submodules/__pycache__/__init__.cpython-311.pyc
/home/vanische/prjs/vision_ride_ws/install/vision_ride/lib/python3.11/site-packages/vision_ride/submodules/ODriveV36/__pycache__/configure.cpython-311.pyc
/home/vanische/prjs/vision_ride_ws/install/vision_ride/lib/python3.11/site-packages/vision_ride/submodules/ODriveV36/__pycache__/ODriveAPI.cpython-311.pyc
/home/vanische/prjs/vision_ride_ws/install/vision_ride/lib/python3.11/site-packages/vision_ride/submodules/ODriveV36/__pycache__/__init__.cpython-311.pyc
/home/vanische/prjs/vision_ride_ws/install/vision_ride/lib/python3.11/site-packages/vision_ride/submodules/Joystick4DOF/__pycache__/API.cpython-311.pyc
/home/vanische/prjs/vision_ride_ws/install/vision_ride/lib/python3.11/site-packages/vision_ride/submodules/Joystick4DOF/__pycache__/__init__.cpython-311.pyc
/home/vanische/prjs/vision_ride_ws/install/vision_ride/share/ament_index/resource_index/packages/vision_ride
/home/vanische/prjs/vision_ride_ws/install/vision_ride/share/vision_ride/package.xml
/home/vanische/prjs/vision_ride_ws/install/vision_ride/lib/python3.11/site-packages/vision_ride-0.0.0-py3.11.egg-info/SOURCES.txt
/home/vanische/prjs/vision_ride_ws/install/vision_ride/lib/python3.11/site-packages/vision_ride-0.0.0-py3.11.egg-info/requires.txt
/home/vanische/prjs/vision_ride_ws/install/vision_ride/lib/python3.11/site-packages/vision_ride-0.0.0-py3.11.egg-info/dependency_links.txt
/home/vanische/prjs/vision_ride_ws/install/vision_ride/lib/python3.11/site-packages/vision_ride-0.0.0-py3.11.egg-info/PKG-INFO
/home/vanische/prjs/vision_ride_ws/install/vision_ride/lib/python3.11/site-packages/vision_ride-0.0.0-py3.11.egg-info/zip-safe
/home/vanische/prjs/vision_ride_ws/install/vision_ride/lib/python3.11/site-packages/vision_ride-0.0.0-py3.11.egg-info/entry_points.txt
/home/vanische/prjs/vision_ride_ws/install/vision_ride/lib/python3.11/site-packages/vision_ride-0.0.0-py3.11.egg-info/top_level.txt
/home/vanische/prjs/vision_ride_ws/install/vision_ride/lib/vision_ride/glasses
/home/vanische/prjs/vision_ride_ws/install/vision_ride/lib/vision_ride/jst4dof
/home/vanische/prjs/vision_ride_ws/install/vision_ride/lib/vision_ride/odriver
/home/vanische/prjs/vision_ride_ws/install/vision_ride/lib/vision_ride/process
