running egg_info
creating ../../build/vision_ride/vision_ride.egg-info
writing ../../build/vision_ride/vision_ride.egg-info/PKG-INFO
writing dependency_links to ../../build/vision_ride/vision_ride.egg-info/dependency_links.txt
writing entry points to ../../build/vision_ride/vision_ride.egg-info/entry_points.txt
writing requirements to ../../build/vision_ride/vision_ride.egg-info/requires.txt
writing top-level names to ../../build/vision_ride/vision_ride.egg-info/top_level.txt
writing manifest file '../../build/vision_ride/vision_ride.egg-info/SOURCES.txt'
reading manifest file '../../build/vision_ride/vision_ride.egg-info/SOURCES.txt'
adding license file 'LICENSE'
writing manifest file '../../build/vision_ride/vision_ride.egg-info/SOURCES.txt'
running build
running build_py
creating /home/vanische/ros2_ws/build/vision_ride/build
creating /home/vanische/ros2_ws/build/vision_ride/build/lib
creating /home/vanische/ros2_ws/build/vision_ride/build/lib/vision_ride
copying vision_ride/process.py -> /home/vanische/ros2_ws/build/vision_ride/build/lib/vision_ride
copying vision_ride/main.py -> /home/vanische/ros2_ws/build/vision_ride/build/lib/vision_ride
copying vision_ride/glasses.py -> /home/vanische/ros2_ws/build/vision_ride/build/lib/vision_ride
copying vision_ride/odriver.py -> /home/vanische/ros2_ws/build/vision_ride/build/lib/vision_ride
copying vision_ride/__init__.py -> /home/vanische/ros2_ws/build/vision_ride/build/lib/vision_ride
copying vision_ride/jst4dof.py -> /home/vanische/ros2_ws/build/vision_ride/build/lib/vision_ride
creating /home/vanische/ros2_ws/build/vision_ride/build/lib/vision_ride/submodules
copying vision_ride/submodules/__init__.py -> /home/vanische/ros2_ws/build/vision_ride/build/lib/vision_ride/submodules
running install
running install_lib
creating /home/vanische/ros2_ws/install/vision_ride/lib/python3.10/site-packages/vision_ride
copying /home/vanische/ros2_ws/build/vision_ride/build/lib/vision_ride/process.py -> /home/vanische/ros2_ws/install/vision_ride/lib/python3.10/site-packages/vision_ride
copying /home/vanische/ros2_ws/build/vision_ride/build/lib/vision_ride/main.py -> /home/vanische/ros2_ws/install/vision_ride/lib/python3.10/site-packages/vision_ride
creating /home/vanische/ros2_ws/install/vision_ride/lib/python3.10/site-packages/vision_ride/submodules
copying /home/vanische/ros2_ws/build/vision_ride/build/lib/vision_ride/submodules/__init__.py -> /home/vanische/ros2_ws/install/vision_ride/lib/python3.10/site-packages/vision_ride/submodules
copying /home/vanische/ros2_ws/build/vision_ride/build/lib/vision_ride/glasses.py -> /home/vanische/ros2_ws/install/vision_ride/lib/python3.10/site-packages/vision_ride
copying /home/vanische/ros2_ws/build/vision_ride/build/lib/vision_ride/odriver.py -> /home/vanische/ros2_ws/install/vision_ride/lib/python3.10/site-packages/vision_ride
copying /home/vanische/ros2_ws/build/vision_ride/build/lib/vision_ride/__init__.py -> /home/vanische/ros2_ws/install/vision_ride/lib/python3.10/site-packages/vision_ride
copying /home/vanische/ros2_ws/build/vision_ride/build/lib/vision_ride/jst4dof.py -> /home/vanische/ros2_ws/install/vision_ride/lib/python3.10/site-packages/vision_ride
byte-compiling /home/vanische/ros2_ws/install/vision_ride/lib/python3.10/site-packages/vision_ride/process.py to process.cpython-310.pyc
byte-compiling /home/vanische/ros2_ws/install/vision_ride/lib/python3.10/site-packages/vision_ride/main.py to main.cpython-310.pyc
byte-compiling /home/vanische/ros2_ws/install/vision_ride/lib/python3.10/site-packages/vision_ride/submodules/__init__.py to __init__.cpython-310.pyc
byte-compiling /home/vanische/ros2_ws/install/vision_ride/lib/python3.10/site-packages/vision_ride/glasses.py to glasses.cpython-310.pyc
byte-compiling /home/vanische/ros2_ws/install/vision_ride/lib/python3.10/site-packages/vision_ride/odriver.py to odriver.cpython-310.pyc
byte-compiling /home/vanische/ros2_ws/install/vision_ride/lib/python3.10/site-packages/vision_ride/__init__.py to __init__.cpython-310.pyc
byte-compiling /home/vanische/ros2_ws/install/vision_ride/lib/python3.10/site-packages/vision_ride/jst4dof.py to jst4dof.cpython-310.pyc
running install_data
creating /home/vanische/ros2_ws/install/vision_ride/share/ament_index
creating /home/vanische/ros2_ws/install/vision_ride/share/ament_index/resource_index
creating /home/vanische/ros2_ws/install/vision_ride/share/ament_index/resource_index/packages
copying resource/vision_ride -> /home/vanische/ros2_ws/install/vision_ride/share/ament_index/resource_index/packages
copying package.xml -> /home/vanische/ros2_ws/install/vision_ride/share/vision_ride
running install_egg_info
Copying ../../build/vision_ride/vision_ride.egg-info to /home/vanische/ros2_ws/install/vision_ride/lib/python3.10/site-packages/vision_ride-0.0.0-py3.10.egg-info
running install_scripts
Installing glasses script to /home/vanische/ros2_ws/install/vision_ride/lib/vision_ride
Installing jst4dof script to /home/vanische/ros2_ws/install/vision_ride/lib/vision_ride
Installing odriver script to /home/vanische/ros2_ws/install/vision_ride/lib/vision_ride
Installing process script to /home/vanische/ros2_ws/install/vision_ride/lib/vision_ride
writing list of installed files to '/home/vanische/ros2_ws/build/vision_ride/install.log'
