[0.682s] Invoking command in '/home/vanische/ros2_ws/src/vision_ride': PYTHONPATH=/home/vanische/ros2_ws/build/vision_ride/prefix_override:/home/vanische/ros2_ws/install/vision_ride/lib/python3.10/site-packages:${PYTHONPATH} /usr/bin/python3 -W ignore:setup.py install is deprecated setup.py egg_info --egg-base ../../build/vision_ride build --build-base /home/vanische/ros2_ws/build/vision_ride/build install --record /home/vanische/ros2_ws/build/vision_ride/install.log --single-version-externally-managed install_data
[0.938s] running egg_info
[0.939s] writing ../../build/vision_ride/vision_ride.egg-info/PKG-INFO
[0.939s] writing dependency_links to ../../build/vision_ride/vision_ride.egg-info/dependency_links.txt
[0.939s] writing entry points to ../../build/vision_ride/vision_ride.egg-info/entry_points.txt
[0.939s] writing requirements to ../../build/vision_ride/vision_ride.egg-info/requires.txt
[0.939s] writing top-level names to ../../build/vision_ride/vision_ride.egg-info/top_level.txt
[0.941s] reading manifest file '../../build/vision_ride/vision_ride.egg-info/SOURCES.txt'
[0.941s] adding license file 'LICENSE'
[0.941s] writing manifest file '../../build/vision_ride/vision_ride.egg-info/SOURCES.txt'
[0.941s] running build
[0.942s] running build_py
[0.942s] copying vision_ride/glasses.py -> /home/vanische/ros2_ws/build/vision_ride/build/lib/vision_ride
[0.942s] running install
[0.942s] running install_lib
[0.943s] copying /home/vanische/ros2_ws/build/vision_ride/build/lib/vision_ride/glasses.py -> /home/vanische/ros2_ws/install/vision_ride/lib/python3.10/site-packages/vision_ride
[0.944s] byte-compiling /home/vanische/ros2_ws/install/vision_ride/lib/python3.10/site-packages/vision_ride/glasses.py to glasses.cpython-310.pyc
[0.945s] running install_data
[0.945s] running install_egg_info
[0.947s] removing '/home/vanische/ros2_ws/install/vision_ride/lib/python3.10/site-packages/vision_ride-0.0.0-py3.10.egg-info' (and everything under it)
[0.947s] Copying ../../build/vision_ride/vision_ride.egg-info to /home/vanische/ros2_ws/install/vision_ride/lib/python3.10/site-packages/vision_ride-0.0.0-py3.10.egg-info
[0.948s] running install_scripts
[0.967s] Installing glasses script to /home/vanische/ros2_ws/install/vision_ride/lib/vision_ride
[0.968s] Installing jst4dof script to /home/vanische/ros2_ws/install/vision_ride/lib/vision_ride
[0.968s] Installing odriver script to /home/vanische/ros2_ws/install/vision_ride/lib/vision_ride
[0.968s] Installing process script to /home/vanische/ros2_ws/install/vision_ride/lib/vision_ride
[0.968s] writing list of installed files to '/home/vanische/ros2_ws/build/vision_ride/install.log'
[0.986s] Invoked command in '/home/vanische/ros2_ws/src/vision_ride' returned '0': PYTHONPATH=/home/vanische/ros2_ws/build/vision_ride/prefix_override:/home/vanische/ros2_ws/install/vision_ride/lib/python3.10/site-packages:${PYTHONPATH} /usr/bin/python3 -W ignore:setup.py install is deprecated setup.py egg_info --egg-base ../../build/vision_ride build --build-base /home/vanische/ros2_ws/build/vision_ride/build install --record /home/vanische/ros2_ws/build/vision_ride/install.log --single-version-externally-managed install_data
