[0.687s] Invoking command in '/home/vanische/prjs/vision_ride_ws/src/vision_ride': PYTHONPATH=/home/vanische/prjs/vision_ride_ws/build/vision_ride/prefix_override:/home/vanische/prjs/vision_ride_ws/install/vision_ride/lib/python3.10/site-packages:${PYTHONPATH} /usr/bin/python3 -W ignore:setup.py install is deprecated setup.py egg_info --egg-base ../../build/vision_ride build --build-base /home/vanische/prjs/vision_ride_ws/build/vision_ride/build install --record /home/vanische/prjs/vision_ride_ws/build/vision_ride/install.log --single-version-externally-managed install_data
[0.951s] running egg_info
[0.951s] writing ../../build/vision_ride/vision_ride.egg-info/PKG-INFO
[0.951s] writing dependency_links to ../../build/vision_ride/vision_ride.egg-info/dependency_links.txt
[0.952s] writing entry points to ../../build/vision_ride/vision_ride.egg-info/entry_points.txt
[0.952s] writing requirements to ../../build/vision_ride/vision_ride.egg-info/requires.txt
[0.952s] writing top-level names to ../../build/vision_ride/vision_ride.egg-info/top_level.txt
[0.954s] reading manifest file '../../build/vision_ride/vision_ride.egg-info/SOURCES.txt'
[0.954s] adding license file 'LICENSE'
[0.954s] writing manifest file '../../build/vision_ride/vision_ride.egg-info/SOURCES.txt'
[0.955s] running build
[0.955s] running build_py
[0.956s] running install
[0.956s] running install_lib
[0.957s] running install_data
[0.958s] running install_egg_info
[0.959s] removing '/home/vanische/prjs/vision_ride_ws/install/vision_ride/lib/python3.10/site-packages/vision_ride-0.0.0-py3.10.egg-info' (and everything under it)
[0.959s] Copying ../../build/vision_ride/vision_ride.egg-info to /home/vanische/prjs/vision_ride_ws/install/vision_ride/lib/python3.10/site-packages/vision_ride-0.0.0-py3.10.egg-info
[0.960s] running install_scripts
[0.979s] Installing glasses script to /home/vanische/prjs/vision_ride_ws/install/vision_ride/lib/vision_ride
[0.979s] Installing jst4dof script to /home/vanische/prjs/vision_ride_ws/install/vision_ride/lib/vision_ride
[0.979s] Installing odriver script to /home/vanische/prjs/vision_ride_ws/install/vision_ride/lib/vision_ride
[0.979s] Installing process script to /home/vanische/prjs/vision_ride_ws/install/vision_ride/lib/vision_ride
[0.980s] writing list of installed files to '/home/vanische/prjs/vision_ride_ws/build/vision_ride/install.log'
[0.997s] Invoked command in '/home/vanische/prjs/vision_ride_ws/src/vision_ride' returned '0': PYTHONPATH=/home/vanische/prjs/vision_ride_ws/build/vision_ride/prefix_override:/home/vanische/prjs/vision_ride_ws/install/vision_ride/lib/python3.10/site-packages:${PYTHONPATH} /usr/bin/python3 -W ignore:setup.py install is deprecated setup.py egg_info --egg-base ../../build/vision_ride build --build-base /home/vanische/prjs/vision_ride_ws/build/vision_ride/build install --record /home/vanische/prjs/vision_ride_ws/build/vision_ride/install.log --single-version-externally-managed install_data
